[20-01-2024 06:09:21 PM] [32minfo[39m: 	[32mConnected to Mongo Successfully! Host: localhost, DB Name:ExpoDB [39m
[20-01-2024 06:09:51 PM] [32minfo[39m: 	[32m::1: API /api/v1/inquiry/data/get/:65abbe8cd02d0ad6e32235a1 | User: Super Admin | responnded with Success [39m
[20-01-2024 06:10:27 PM] [31merror[39m: 	[31m::1: API /api/v1/inquiry/data/update/:65abbe8cd02d0ad6e32235a1 | User: Super Admin | responnded with Validation Error [39m
[20-01-2024 06:10:32 PM] [32minfo[39m: 	[32m::1: API /api/v1/user/getCurrent/:650ae53b4e394d64307444b4  responnded with Success [39m
[20-01-2024 06:10:32 PM] [32minfo[39m: 	[32m::1: API /api/v1/inquiry/data/getall | User: Super Admin | responnded with Success [39m
[20-01-2024 06:10:32 PM] [32minfo[39m: 	[32m::1: API /api/v1/events/getall | User: Super Admin | responnded with Success [39m
[20-01-2024 06:10:32 PM] [32minfo[39m: 	[32m::1: API /api/v1/consultant/getall | User: Super Admin | responnded with Success [39m
[20-01-2024 06:10:35 PM] [32minfo[39m: 	[32m::1: API /api/v1/inquiry/data/get/:65abbdd8d02d0ad6e3223577 | User: Super Admin | responnded with Success [39m
[20-01-2024 06:10:56 PM] [32minfo[39m: 	[32m::1: API /api/v1/inquiry/data/add | User: Super Admin | responnded with Success [39m
[20-01-2024 06:10:58 PM] [32minfo[39m: 	[32m::1: API /api/v1/user/getCurrent/:650ae53b4e394d64307444b4  responnded with Success [39m
[20-01-2024 06:10:58 PM] [32minfo[39m: 	[32m::1: API /api/v1/inquiry/data/getall | User: Super Admin | responnded with Success [39m
[20-01-2024 06:10:58 PM] [32minfo[39m: 	[32m::1: API /api/v1/events/getall | User: Super Admin | responnded with Success [39m
[20-01-2024 06:10:58 PM] [32minfo[39m: 	[32m::1: API /api/v1/consultant/getall | User: Super Admin | responnded with Success [39m
[20-01-2024 06:13:30 PM] [32minfo[39m: 	[32mConnected to Mongo Successfully! Host: localhost, DB Name:ExpoDB [39m
[20-01-2024 06:13:39 PM] [32minfo[39m: 	[32mConnected to Mongo Successfully! Host: localhost, DB Name:ExpoDB [39m
[20-01-2024 06:15:39 PM] [32minfo[39m: 	[32m::1: API /api/v1/user/getCurrent/:650ae53b4e394d64307444b4  responnded with Success [39m
[20-01-2024 06:15:39 PM] [32minfo[39m: 	[32m::1: API /api/v1/inquiry/data/get/:65abbf58f9cfc011d5059389 | User: Super Admin | responnded with Success [39m
[20-01-2024 06:15:39 PM] [32minfo[39m: 	[32m::1: API /api/v1/events/getall | User: Super Admin | responnded with Success [39m
[20-01-2024 06:15:39 PM] [32minfo[39m: 	[32m::1: API /api/v1/consultant/getall | User: Super Admin | responnded with Success [39m
[20-01-2024 06:15:47 PM] [31merror[39m: 	[31m::1: API /api/v1/inquiry/data/update/:65abbf58f9cfc011d5059389 | User: Super Admin | responnded with Validation Error [39m
[20-01-2024 06:16:06 PM] [31merror[39m: 	[31m::1: API /api/v1/inquiry/data/update/:65abbf58f9cfc011d5059389 | User: Super Admin | responnded with Validation Error [39m
[20-01-2024 06:16:38 PM] [31merror[39m: 	[31m::1: API /api/v1/inquiry/data/update/:65abbf58f9cfc011d5059389 | User: Super Admin | responnded with Validation Error [39m
[20-01-2024 06:23:38 PM] [31merror[39m: 	[31m::1: API /api/v1/inquiry/data/update/:65abbf58f9cfc011d5059389 | User: Super Admin | responnded with Validation Error [39m
[20-01-2024 06:32:08 PM] [31merror[39m: 	[31m::1: API /api/v1/inquiry/data/update/:65abbf58f9cfc011d5059389 | User: Super Admin | responnded with Validation Error [39m
[20-01-2024 06:41:05 PM] [32minfo[39m: 	[32m::1: API /api/v1/user/login responnded with Login Successfull for the user: superadmin@gmail.com[39m
[20-01-2024 06:41:05 PM] [32minfo[39m: 	[32m::1: API /api/v1/user/getCurrent/:650ae53b4e394d64307444b4  responnded with Success [39m
[20-01-2024 06:41:05 PM] [32minfo[39m: 	[32m::1: API /api/v1/user/getCurrent/:650ae53b4e394d64307444b4  responnded with Success [39m
[20-01-2024 06:41:05 PM] [32minfo[39m: 	[32m::1: API /api/v1/user/getCurrent/:650ae53b4e394d64307444b4  responnded with Success [39m
[20-01-2024 06:41:05 PM] [32minfo[39m: 	[32m::1: API /api/v1/notification/get/byuser | User: Super Admin | responnded Empty i.e. Notification was not found [39m
[20-01-2024 06:41:05 PM] [32minfo[39m: 	[32m::1: API /api/v1/user/getall | User: Super Admin | responnded with Success [39m
[20-01-2024 06:41:05 PM] [32minfo[39m: 	[32m::1: API /api/v1/link/getall | User: Super Admin | responnded with Success [39m
[20-01-2024 06:41:05 PM] [32minfo[39m: 	[32m::1: API /api/v1/data/getall | User: Super Admin | responnded with Success [39m
[20-01-2024 06:41:05 PM] [32minfo[39m: 	[32m::1: API /api/v1/inquiry/data/getall | User: Super Admin | responnded with Success [39m
[20-01-2024 06:41:05 PM] [32minfo[39m: 	[32m::1: API /api/v1/data/user/get | User: Super Admin | responnded with Success [39m
[20-01-2024 06:41:05 PM] [32minfo[39m: 	[32m::1: API /api/v1/link/get/user/ | User: Super Admin | responnded with Success [39m
[20-01-2024 06:41:09 PM] [32minfo[39m: 	[32m::1: API /api/v1/user/getCurrent/:650ae53b4e394d64307444b4  responnded with Success [39m
[20-01-2024 06:41:09 PM] [32minfo[39m: 	[32m::1: API /api/v1/inquiry/data/getall | User: Super Admin | responnded with Success [39m
[20-01-2024 06:41:09 PM] [32minfo[39m: 	[32m::1: API /api/v1/events/getall | User: Super Admin | responnded with Success [39m
[20-01-2024 06:41:09 PM] [32minfo[39m: 	[32m::1: API /api/v1/consultant/getall | User: Super Admin | responnded with Success [39m
[20-01-2024 06:41:13 PM] [32minfo[39m: 	[32m::1: API /api/v1/user/getCurrent/:650ae53b4e394d64307444b4  responnded with Success [39m
[20-01-2024 06:41:13 PM] [32minfo[39m: 	[32m::1: API /api/v1/inquiry/data/get/:65abbf58f9cfc011d5059389 | User: Super Admin | responnded with Success [39m
[20-01-2024 06:41:13 PM] [32minfo[39m: 	[32m::1: API /api/v1/events/getall | User: Super Admin | responnded with Success [39m
[20-01-2024 06:41:13 PM] [32minfo[39m: 	[32m::1: API /api/v1/consultant/getall | User: Super Admin | responnded with Success [39m
[20-01-2024 06:41:22 PM] [31merror[39m: 	[31m::1: API /api/v1/inquiry/data/update/:65abbf58f9cfc011d5059389 | User: Super Admin | responnded with Validation Error [39m
[20-01-2024 06:41:42 PM] [32minfo[39m: 	[32m::1: API /api/v1/user/getCurrent/:650ae53b4e394d64307444b4  responnded with Success [39m
[20-01-2024 06:41:42 PM] [32minfo[39m: 	[32m::1: API /api/v1/inquiry/data/get/:65abbf58f9cfc011d5059389 | User: Super Admin | responnded with Success [39m
[20-01-2024 06:41:42 PM] [32minfo[39m: 	[32m::1: API /api/v1/events/getall | User: Super Admin | responnded with Success [39m
[20-01-2024 06:41:42 PM] [32minfo[39m: 	[32m::1: API /api/v1/consultant/getall | User: Super Admin | responnded with Success [39m
[20-01-2024 06:42:02 PM] [32minfo[39m: 	[32m::1: API /api/v1/inquiry/data/update/:65abbf58f9cfc011d5059389 | User: Super Admin | responnded with Success [39m
[20-01-2024 06:42:33 PM] [32minfo[39m: 	[32mConnected to Mongo Successfully! Host: localhost, DB Name:ExpoDB [39m
[20-01-2024 06:42:43 PM] [32minfo[39m: 	[32m::1: API /api/v1/inquiry/data/update/:65abbf58f9cfc011d5059389 | User: Super Admin | responnded with Success [39m
[20-01-2024 06:42:43 PM] [32minfo[39m: 	[32m::1: API /api/v1/user/getCurrent/:650ae53b4e394d64307444b4  responnded with Success [39m
[20-01-2024 06:42:44 PM] [32minfo[39m: 	[32m::1: API /api/v1/inquiry/data/getall | User: Super Admin | responnded with Success [39m
[20-01-2024 06:42:44 PM] [32minfo[39m: 	[32m::1: API /api/v1/events/getall | User: Super Admin | responnded with Success [39m
[20-01-2024 06:42:44 PM] [32minfo[39m: 	[32m::1: API /api/v1/consultant/getall | User: Super Admin | responnded with Success [39m
[20-01-2024 06:42:54 PM] [32minfo[39m: 	[32m::1: API /api/v1/user/getCurrent/:650ae53b4e394d64307444b4  responnded with Success [39m
[20-01-2024 06:42:54 PM] [32minfo[39m: 	[32m::1: API /api/v1/inquiry/data/get/:65abbf58f9cfc011d5059389 | User: Super Admin | responnded with Success [39m
[20-01-2024 06:42:54 PM] [32minfo[39m: 	[32m::1: API /api/v1/events/getall | User: Super Admin | responnded with Success [39m
[20-01-2024 06:42:54 PM] [32minfo[39m: 	[32m::1: API /api/v1/consultant/getall | User: Super Admin | responnded with Success [39m
[20-01-2024 06:43:00 PM] [32minfo[39m: 	[32m::1: API /api/v1/inquiry/data/update/:65abbf58f9cfc011d5059389 | User: Super Admin | responnded with Success [39m
[20-01-2024 06:43:00 PM] [32minfo[39m: 	[32m::1: API /api/v1/user/getCurrent/:650ae53b4e394d64307444b4  responnded with Success [39m
[20-01-2024 06:43:00 PM] [32minfo[39m: 	[32m::1: API /api/v1/inquiry/data/getall | User: Super Admin | responnded with Success [39m
[20-01-2024 06:43:00 PM] [32minfo[39m: 	[32m::1: API /api/v1/events/getall | User: Super Admin | responnded with Success [39m
[20-01-2024 06:43:00 PM] [32minfo[39m: 	[32m::1: API /api/v1/consultant/getall | User: Super Admin | responnded with Success [39m
[20-01-2024 06:44:16 PM] [32minfo[39m: 	[32m::1: API /api/v1/inquiry/data/get/:65abbf58f9cfc011d5059389 | User: Super Admin | responnded with Success [39m
[20-01-2024 06:45:38 PM] [32minfo[39m: 	[32m::1: API /api/v1/user/getCurrent/:650ae53b4e394d64307444b4  responnded with Success [39m
[20-01-2024 06:45:39 PM] [32minfo[39m: 	[32m::1: API /api/v1/inquiry/data/getall | User: Super Admin | responnded with Success [39m
[20-01-2024 06:45:39 PM] [32minfo[39m: 	[32m::1: API /api/v1/events/getall | User: Super Admin | responnded with Success [39m
[20-01-2024 06:45:39 PM] [32minfo[39m: 	[32m::1: API /api/v1/consultant/getall | User: Super Admin | responnded with Success [39m
[20-01-2024 06:45:44 PM] [32minfo[39m: 	[32m::1: API /api/v1/user/getCurrent/:650ae53b4e394d64307444b4  responnded with Success [39m
[20-01-2024 06:45:44 PM] [32minfo[39m: 	[32m::1: API /api/v1/inquiry/data/getall | User: Super Admin | responnded with Success [39m
[20-01-2024 06:45:44 PM] [32minfo[39m: 	[32m::1: API /api/v1/events/getall | User: Super Admin | responnded with Success [39m
[20-01-2024 06:45:44 PM] [32minfo[39m: 	[32m::1: API /api/v1/consultant/getall | User: Super Admin | responnded with Success [39m
[20-01-2024 06:45:51 PM] [32minfo[39m: 	[32m::1: API /api/v1/user/getCurrent/:650ae53b4e394d64307444b4  responnded with Success [39m
[20-01-2024 06:45:51 PM] [32minfo[39m: 	[32m::1: API /api/v1/inquiry/data/getall | User: Super Admin | responnded with Success [39m
[20-01-2024 06:45:51 PM] [32minfo[39m: 	[32m::1: API /api/v1/events/getall | User: Super Admin | responnded with Success [39m
[20-01-2024 06:45:51 PM] [32minfo[39m: 	[32m::1: API /api/v1/consultant/getall | User: Super Admin | responnded with Success [39m
[20-01-2024 06:46:52 PM] [32minfo[39m: 	[32mConnected to Mongo Successfully! Host: localhost, DB Name:ExpoDB [39m
[20-01-2024 06:46:57 PM] [32minfo[39m: 	[32m::1: API /api/v1/user/getCurrent/:650ae53b4e394d64307444b4  responnded with Success [39m
[20-01-2024 06:46:57 PM] [32minfo[39m: 	[32m::1: API /api/v1/inquiry/data/getall | User: Super Admin | responnded with Success [39m
[20-01-2024 06:46:57 PM] [32minfo[39m: 	[32m::1: API /api/v1/events/getall | User: Super Admin | responnded with Success [39m
[20-01-2024 06:46:57 PM] [32minfo[39m: 	[32m::1: API /api/v1/consultant/getall | User: Super Admin | responnded with Success [39m
[20-01-2024 06:47:08 PM] [32minfo[39m: 	[32m::1: API /api/v1/user/getCurrent/:650ae53b4e394d64307444b4  responnded with Success [39m
[20-01-2024 06:47:08 PM] [32minfo[39m: 	[32m::1: API /api/v1/inquiry/data/getall | User: Super Admin | responnded with Success [39m
[20-01-2024 06:47:08 PM] [32minfo[39m: 	[32m::1: API /api/v1/events/getall | User: Super Admin | responnded with Success [39m
[20-01-2024 06:47:08 PM] [32minfo[39m: 	[32m::1: API /api/v1/consultant/getall | User: Super Admin | responnded with Success [39m
[20-01-2024 06:48:28 PM] [32minfo[39m: 	[32mConnected to Mongo Successfully! Host: localhost, DB Name:ExpoDB [39m
[20-01-2024 06:48:57 PM] [32minfo[39m: 	[32mConnected to Mongo Successfully! Host: localhost, DB Name:ExpoDB [39m
[20-01-2024 06:49:05 PM] [32minfo[39m: 	[32mConnected to Mongo Successfully! Host: localhost, DB Name:ExpoDB [39m
[20-01-2024 06:49:38 PM] [32minfo[39m: 	[32mConnected to Mongo Successfully! Host: localhost, DB Name:ExpoDB [39m
[20-01-2024 06:49:51 PM] [32minfo[39m: 	[32m::1: API /api/v1/user/getCurrent/:650ae53b4e394d64307444b4  responnded with Success [39m
[20-01-2024 06:49:51 PM] [32minfo[39m: 	[32m::1: API /api/v1/inquiry/data/getall | User: Super Admin | responnded with Success [39m
[20-01-2024 06:49:51 PM] [32minfo[39m: 	[32m::1: API /api/v1/events/getall | User: Super Admin | responnded with Success [39m
[20-01-2024 06:49:51 PM] [32minfo[39m: 	[32m::1: API /api/v1/consultant/getall | User: Super Admin | responnded with Success [39m
[20-01-2024 06:55:30 PM] [32minfo[39m: 	[32mConnected to Mongo Successfully! Host: localhost, DB Name:ExpoDB [39m
[20-01-2024 06:55:37 PM] [32minfo[39m: 	[32m::1: API /api/v1/user/getCurrent/:650ae53b4e394d64307444b4  responnded with Success [39m
[20-01-2024 06:55:37 PM] [32minfo[39m: 	[32m::1: API /api/v1/inquiry/data/getall | User: Super Admin | responnded with Success [39m
[20-01-2024 06:55:37 PM] [32minfo[39m: 	[32m::1: API /api/v1/events/getall | User: Super Admin | responnded with Success [39m
[20-01-2024 06:55:37 PM] [32minfo[39m: 	[32m::1: API /api/v1/consultant/getall | User: Super Admin | responnded with Success [39m
[20-01-2024 06:55:51 PM] [32minfo[39m: 	[32mConnected to Mongo Successfully! Host: localhost, DB Name:ExpoDB [39m
[20-01-2024 06:55:55 PM] [32minfo[39m: 	[32m::1: API /api/v1/user/getCurrent/:650ae53b4e394d64307444b4  responnded with Success [39m
[20-01-2024 06:55:55 PM] [32minfo[39m: 	[32m::1: API /api/v1/inquiry/data/getall | User: Super Admin | responnded with Success [39m
[20-01-2024 06:55:55 PM] [32minfo[39m: 	[32m::1: API /api/v1/events/getall | User: Super Admin | responnded with Success [39m
[20-01-2024 06:55:55 PM] [32minfo[39m: 	[32m::1: API /api/v1/consultant/getall | User: Super Admin | responnded with Success [39m
